#-----------------------------------------------------------
# Vivado v2018.1 (64-bit)
# SW Build 2188600 on Wed Apr  4 18:40:38 MDT 2018
# IP Build 2185939 on Wed Apr  4 20:55:05 MDT 2018
# Start of session at: Fri Feb  8 15:25:52 2019
# Process ID: 286544
# Current directory: X:/Documents/Inf3500/lab 1/TD_1
# Command line: vivado.exe -gui_launcher_event rodinguilauncherevent299748 X:\Documents\Inf3500\lab 1\TD_1\TD_1.xpr
# Log file: X:/Documents/Inf3500/lab 1/TD_1/vivado.log
# Journal file: X:/Documents/Inf3500/lab 1/TD_1\vivado.jou
#-----------------------------------------------------------
start_gui
open_project {X:/Documents/Inf3500/lab 1/TD_1/TD_1.xpr}
INFO: [Project 1-313] Project file moved from 'X:/Bureau/3500/TD_1' since last save.
Scanning sources...
Finished scanning sources
INFO: [IP_Flow 19-234] Refreshing IP repositories
INFO: [IP_Flow 19-1704] No user IP repositories specified
INFO: [IP_Flow 19-2313] Loaded Vivado IP repository 'C:/Logiciels/Xilinx/Vivado/2018.1/data/ip'.
open_project: Time (s): cpu = 00:00:20 ; elapsed = 00:00:20 . Memory (MB): peak = 788.055 ; gain = 105.875
update_compile_order -fileset sources_1
exit
INFO: [Common 17-206] Exiting Vivado at Fri Feb  8 15:28:54 2019...
28:28 2019...
