#-----------------------------------------------------------
# Vivado v2018.1 (64-bit)
# SW Build 2188600 on Wed Apr  4 18:40:38 MDT 2018
# IP Build 2185939 on Wed Apr  4 20:55:05 MDT 2018
# Start of session at: Fri Feb 22 11:07:39 2019
# Process ID: 138220
# Current directory: X:/Bureau/3500/TD_1
# Command line: vivado.exe -gui_launcher_event rodinguilauncherevent142280 X:\Bureau\3500\TD_1\TD_1.xpr
# Log file: X:/Bureau/3500/TD_1/vivado.log
# Journal file: X:/Bureau/3500/TD_1\vivado.jou
#-----------------------------------------------------------
start_gui
open_project X:/Bureau/3500/TD_1/TD_1.xpr
Scanning sources...
Finished scanning sources
INFO: [IP_Flow 19-234] Refreshing IP repositories
INFO: [IP_Flow 19-1704] No user IP repositories specified
INFO: [IP_Flow 19-2313] Loaded Vivado IP repository 'C:/Logiciels/Xilinx/Vivado/2018.1/data/ip'.
open_project: Time (s): cpu = 00:00:17 ; elapsed = 00:00:09 . Memory (MB): peak = 853.551 ; gain = 101.602
update_compile_order -fileset sources_1
set_property top algorithm_sha256 [current_fileset]
update_compile_order -fileset sources_1
