#-----------------------------------------------------------
# Vivado v2018.1 (64-bit)
# SW Build 2188600 on Wed Apr  4 18:40:38 MDT 2018
# IP Build 2185939 on Wed Apr  4 20:55:05 MDT 2018
# Start of session at: Fri Feb  8 13:41:19 2019
# Process ID: 99776
# Current directory: X:/Bureau/3500/TD_1
# Command line: vivado.exe -gui_launcher_event rodinguilauncherevent94848 X:\Bureau\3500\TD_1\TD_1.xpr
# Log file: X:/Bureau/3500/TD_1/vivado.log
# Journal file: X:/Bureau/3500/TD_1\vivado.jou
#-----------------------------------------------------------
start_gui
open_project X:/Bureau/3500/TD_1/TD_1.xpr
Scanning sources...
Finished scanning sources
INFO: [IP_Flow 19-234] Refreshing IP repositories
INFO: [IP_Flow 19-1704] No user IP repositories specified
INFO: [IP_Flow 19-2313] Loaded Vivado IP repository 'C:/Logiciels/Xilinx/Vivado/2018.1/data/ip'.
open_project: Time (s): cpu = 00:00:10 ; elapsed = 00:00:07 . Memory (MB): peak = 868.191 ; gain = 163.844
update_compile_order -fileset sources_1
exit
INFO: [Common 17-206] Exiting Vivado at Fri Feb  8 14:04:05 2019...
